<?xml version="1.0" encoding="UTF-8"?>
<!-- Generated by org.testng.reporters.JUnitReportReporter -->
<testsuite hostname="user-PC" failures="0" tests="2" name="com.HomePage.test.HomePageTest" time="0.044" errors="0" timestamp="2020-03-31T15:45:51 IST" skipped="0">
  <testcase classname="com.HomePage.test.HomePageTest" name="homePage" time="0.042"/>
  <system-out/>
  <testcase classname="com.HomePage.test.HomePageTest" name="homePageLinks" time="0.002"/>
  <system-out/>
</testsuite> <!-- com.HomePage.test.HomePageTest -->
